<?xml version="1.0" encoding="UTF-8"?>
<!-- Generated by org.testng.reporters.JUnitReportReporter -->
<testsuite hostname="DESKTOP-6KCCC2T" failures="0" tests="3" name="com.avactisstore.testcases.PositiveRegistrationScenarioTest" time="67.876" errors="0" timestamp="2023-10-31T20:36:30 IST" skipped="0">
  <testcase classname="com.avactisstore.testcases.PositiveRegistrationScenarioTest" name="GoToRegisterNewAccount" time="21.075"/>
  <system-out/>
  <testcase classname="com.avactisstore.testcases.PositiveRegistrationScenarioTest" name="GoToRegisterNewAccount" time="21.597"/>
  <system-out/>
  <testcase classname="com.avactisstore.testcases.PositiveRegistrationScenarioTest" name="GoToRegisterNewAccount" time="25.204"/>
  <system-out/>
</testsuite> <!-- com.avactisstore.testcases.PositiveRegistrationScenarioTest -->
