<?xml version="1.0" encoding="UTF-8"?>
<!-- Generated by org.testng.reporters.JUnitReportReporter -->
<testsuite hostname="DESKTOP-6KCCC2T" failures="0" tests="1" name="com.avactisstore.testcases.MyAccountPageTest" time="11.697" errors="0" timestamp="2023-08-28T15:17:33 IST" skipped="0">
  <testcase classname="com.avactisstore.testcases.MyAccountPageTest" name="GoToRegisterNewAccount" time="11.697"/>
  <system-out/>
</testsuite> <!-- com.avactisstore.testcases.MyAccountPageTest -->
