<?xml version="1.0" encoding="UTF-8"?>
<!-- Generated by org.testng.reporters.JUnitReportReporter -->
<testsuite hostname="DESKTOP-6KCCC2T" failures="0" tests="3" name="com.avactisstore.testcases.NegativeRegistrationScenarioTest" time="52.427" errors="0" timestamp="2023-08-28T14:07:32 IST" skipped="0">
  <testcase classname="com.avactisstore.testcases.NegativeRegistrationScenarioTest" name="GoToRegisterNewAccount" time="17.038"/>
  <system-out/>
  <testcase classname="com.avactisstore.testcases.NegativeRegistrationScenarioTest" name="GoToRegisterNewAccount" time="17.847"/>
  <system-out/>
  <testcase classname="com.avactisstore.testcases.NegativeRegistrationScenarioTest" name="GoToRegisterNewAccount" time="17.542"/>
  <system-out/>
</testsuite> <!-- com.avactisstore.testcases.NegativeRegistrationScenarioTest -->
