<?xml version="1.0" encoding="UTF-8"?>
<!-- Generated by org.testng.reporters.JUnitReportReporter -->
<testsuite hostname="DESKTOP-6KCCC2T" failures="0" tests="1" name="com.avactisstore.testcases.AdminIndexPageTest" time="38.487" errors="0" timestamp="2023-08-16T21:40:06 IST" skipped="0">
  <testcase classname="com.avactisstore.testcases.AdminIndexPageTest" name="DeleteCustomers" time="38.487"/>
  <system-out/>
</testsuite> <!-- com.avactisstore.testcases.AdminIndexPageTest -->
