<?xml version="1.0" encoding="UTF-8"?>
<!-- Generated by org.testng.reporters.JUnitReportReporter -->
<testsuite hostname="DESKTOP-6KCCC2T" failures="0" tests="1" name="com.avactisstore.testcases.PurchaseScenarioTest" time="23.337" errors="0" timestamp="2023-10-31T20:46:15 IST" skipped="0">
  <testcase classname="com.avactisstore.testcases.PurchaseScenarioTest" name="GoToHomePage2" time="23.337"/>
  <system-out/>
</testsuite> <!-- com.avactisstore.testcases.PurchaseScenarioTest -->
