<?xml version="1.0" encoding="UTF-8"?>
<!-- Generated by org.testng.reporters.JUnitReportReporter -->
<testsuite hostname="DESKTOP-6KCCC2T" failures="0" tests="4" name="com.avactisstore.testcases.PositiveScenarioTest" time="85.185" errors="0" timestamp="2023-08-16T19:50:43 IST" skipped="0">
  <testcase classname="com.avactisstore.testcases.PositiveScenarioTest" name="GoToRegisterNewAccount" time="14.207"/>
  <system-out/>
  <testcase classname="com.avactisstore.testcases.PositiveScenarioTest" name="DeleteCustomers" time="40.735"/>
  <system-out/>
  <testcase classname="com.avactisstore.testcases.PositiveScenarioTest" name="GoToRegisterNewAccount" time="14.609"/>
  <system-out/>
  <testcase classname="com.avactisstore.testcases.PositiveScenarioTest" name="GoToRegisterNewAccount" time="15.634"/>
  <system-out/>
</testsuite> <!-- com.avactisstore.testcases.PositiveScenarioTest -->
