<?xml version="1.0" encoding="UTF-8"?>
<!-- Generated by org.testng.reporters.JUnitReportReporter -->
<testsuite hostname="DESKTOP-6KCCC2T" failures="0" tests="8" name="com.avactisstore.testcases.EndToEndTest" time="206.088" errors="0" timestamp="2023-11-03T20:54:21 IST" skipped="0">
  <testcase classname="com.avactisstore.testcases.EndToEndTest" name="verifyOrderDetails" time="12.829"/>
  <system-out/>
  <testcase classname="com.avactisstore.testcases.EndToEndTest" name="checkOutUsingUrls" time="36.280"/>
  <system-out/>
  <testcase classname="com.avactisstore.testcases.EndToEndTest" name="GoToRegisterNewAccount" time="18.834"/>
  <system-out/>
  <testcase classname="com.avactisstore.testcases.EndToEndTest" name="DeleteCustomers" time="22.841"/>
  <system-out/>
  <testcase classname="com.avactisstore.testcases.EndToEndTest" name="GoToRegisterNewAccount" time="18.871"/>
  <system-out/>
  <testcase classname="com.avactisstore.testcases.EndToEndTest" name="checkOutUsingUrls" time="34.784"/>
  <system-out/>
  <testcase classname="com.avactisstore.testcases.EndToEndTest" name="GoToRegisterNewAccount" time="18.940"/>
  <system-out/>
  <testcase classname="com.avactisstore.testcases.EndToEndTest" name="checkOutUsingUrls" time="42.709"/>
  <system-out/>
</testsuite> <!-- com.avactisstore.testcases.EndToEndTest -->
