<?xml version="1.0" encoding="UTF-8"?>
<!-- Generated by org.testng.reporters.JUnitReportReporter -->
<testsuite hostname="DESKTOP-6KCCC2T" failures="0" tests="1" name="com.avactisstore.testcases.PositiveLoginScenarioTest" time="15.259" errors="0" timestamp="2023-08-29T22:54:45 IST" skipped="0">
  <testcase classname="com.avactisstore.testcases.PositiveLoginScenarioTest" name="GoToHomePage2" time="15.259"/>
  <system-out/>
</testsuite> <!-- com.avactisstore.testcases.PositiveLoginScenarioTest -->
