<?xml version="1.0" encoding="UTF-8"?>
<!-- Generated by org.testng.reporters.JUnitReportReporter -->
<testsuite hostname="DESKTOP-6KCCC2T" failures="0" tests="1" name="com.avactisstore.testcases.RegisterPageTest" time="0.000" errors="0" timestamp="2023-09-08T15:05:49 IST" skipped="1">
  <testcase classname="com.avactisstore.testcases.RegisterPageTest" name="GoToRegisterNewAccount" time="0.000">
    <skipped/>
  </testcase> <!-- GoToRegisterNewAccount -->
  <system-out/>
</testsuite> <!-- com.avactisstore.testcases.RegisterPageTest -->
