<?xml version="1.0" encoding="UTF-8"?>
<!-- Generated by org.testng.reporters.JUnitReportReporter -->
<testsuite hostname="DESKTOP-6KCCC2T" failures="0" tests="1" name="com.avactisstore.testcases.StorePageTest" time="14.066" errors="0" timestamp="2023-11-01T18:57:20 IST" skipped="0">
  <testcase classname="com.avactisstore.testcases.StorePageTest" name="GoToMyAccountPage" time="14.066"/>
  <system-out/>
</testsuite> <!-- com.avactisstore.testcases.StorePageTest -->
