<?xml version="1.0" encoding="UTF-8"?>
<!-- Generated by org.testng.reporters.JUnitReportReporter -->
<testsuite hostname="DESKTOP-6KCCC2T" failures="0" tests="1" name="com.avactisstore.testcases.AdminSignInPageTest" time="6.598" errors="0" timestamp="2023-08-14T16:15:41 IST" skipped="0">
  <testcase classname="com.avactisstore.testcases.AdminSignInPageTest" name="adminSignIn" time="6.598"/>
  <system-out/>
</testsuite> <!-- com.avactisstore.testcases.AdminSignInPageTest -->
