<?xml version="1.0" encoding="UTF-8"?>
<!-- Generated by org.testng.reporters.JUnitReportReporter -->
<testsuite hostname="DESKTOP-6KCCC2T" failures="0" tests="3" name="com.avactisstore.testcases.UserIndexPageTest" time="149.477" errors="0" timestamp="2023-10-31T20:51:43 IST" skipped="0">
  <testcase classname="com.avactisstore.testcases.UserIndexPageTest" name="checkOutUsingUrls" time="47.118"/>
  <system-out/>
  <testcase classname="com.avactisstore.testcases.UserIndexPageTest" name="checkOutUsingUrls" time="49.934"/>
  <system-out/>
  <testcase classname="com.avactisstore.testcases.UserIndexPageTest" name="checkOutUsingUrls" time="52.425"/>
  <system-out/>
</testsuite> <!-- com.avactisstore.testcases.UserIndexPageTest -->
