<?xml version="1.0" encoding="UTF-8"?>
<!-- Generated by org.testng.reporters.JUnitReportReporter -->
<testsuite hostname="DESKTOP-6KCCC2T" failures="0" tests="1" name="com.avactisstore.testcases.IndexPageTest" time="15.817" errors="0" timestamp="2023-08-12T22:41:03 IST" skipped="0">
  <testcase classname="com.avactisstore.testcases.IndexPageTest" name="validateLogo" time="15.817"/>
  <system-out/>
</testsuite> <!-- com.avactisstore.testcases.IndexPageTest -->
